<?xml version="1.0" encoding="UTF-8"?>
<!-- Generated by org.testng.reporters.JUnitReportReporter -->
<testsuite hostname="Harsh-PC" failures="0" tests="1" name="runners.RunnerClass" time="38.588" errors="0" timestamp="2025-07-23T04:43:27 PDT" skipped="0">
  <testcase classname="runners.RunnerClass" name="runScenario" time="38.588"/>
</testsuite> <!-- runners.RunnerClass -->
